<?xml version="1.0" encoding="UTF-8"?>
<testsuite name="Problem1470" tests="3" skipped="0" failures="0" errors="0" timestamp="2020-11-20T19:31:06" hostname="C02ZX0SDMD6M" time="0.007">
  <properties/>
  <testcase name="test1" classname="Problem1470" time="0.006"/>
  <testcase name="test2" classname="Problem1470" time="0.0"/>
  <testcase name="test3" classname="Problem1470" time="0.0"/>
  <system-out><![CDATA[]]></system-out>
  <system-err><![CDATA[]]></system-err>
</testsuite>
